<?xml version="1.0" encoding="UTF-8"?>
<!-- Generated by org.testng.reporters.JUnitReportReporter -->
<testsuite skipped="0" hostname="DESKTOP-645NAMT" name="android.Demo.Registration.Reg_Index" tests="1" failures="0" timestamp="10 Dec 2020 05:57:17 GMT" time="78.422" errors="0">
  <testcase name="reg" time="78.422" classname="android.Demo.Registration.Reg_Index"/>
</testsuite> <!-- android.Demo.Registration.Reg_Index -->
